<?xml version="1.0" encoding="UTF-8"?>
<testng-results ignored="0" total="1" passed="1" failed="0" skipped="0">
  <reporter-output>
  </reporter-output>
  <suite started-at="2024-10-07T03:10:50 MST" name="Default suite" finished-at="2024-10-07T03:10:53 MST" duration-ms="2921">
    <groups>
    </groups>
    <test started-at="2024-10-07T03:10:50 MST" name="Default test" finished-at="2024-10-07T03:10:53 MST" duration-ms="2921">
      <class name="teseCases.TC001">
        <test-method is-config="true" signature="getDriver()[pri:0, instance:teseCases.TC001@23f3dbf0]" started-at="2024-10-07T03:10:50 MST" name="getDriver" finished-at="2024-10-07T03:10:50 MST" duration-ms="8" status="PASS">
          <reporter-output>
          </reporter-output>
        </test-method> <!-- getDriver -->
        <test-method is-config="true" signature="login()[pri:0, instance:teseCases.TC001@23f3dbf0]" started-at="2024-10-07T03:10:50 MST" name="login" finished-at="2024-10-07T03:10:51 MST" duration-ms="1318" status="PASS">
          <reporter-output>
          </reporter-output>
        </test-method> <!-- login -->
        <test-method signature="test1()[pri:0, instance:teseCases.TC001@23f3dbf0]" started-at="2024-10-07T03:10:51 MST" name="test1" finished-at="2024-10-07T03:10:53 MST" duration-ms="1558" status="PASS">
          <reporter-output>
          </reporter-output>
        </test-method> <!-- test1 -->
      </class> <!-- teseCases.TC001 -->
    </test> <!-- Default test -->
  </suite> <!-- Default suite -->
</testng-results>
